<?xml version="1.0" encoding="UTF-8"?>
<testsuite name="com.smhrd.gradle.SpringbootGradleApplicationTests" tests="1" skipped="0" failures="0" errors="0" timestamp="2024-05-25T13:25:08" hostname="DESKTOP-4JD4G38" time="0.498">
  <properties/>
  <testcase name="contextLoads()" classname="com.smhrd.gradle.SpringbootGradleApplicationTests" time="0.498"/>
  <system-out><![CDATA[22:25:05.483 [Test worker] INFO org.springframework.test.context.support.AnnotationConfigContextLoaderUtils -- Could not detect default configuration classes for test class [com.smhrd.gradle.SpringbootGradleApplicationTests]: SpringbootGradleApplicationTests does not declare any static, non-private, non-final, nested classes annotated with @Configuration.
22:25:05.554 [Test worker] INFO org.springframework.boot.test.context.SpringBootTestContextBootstrapper -- Found @SpringBootConfiguration com.smhrd.gradle.SpringbootGradleApplication for test class com.smhrd.gradle.SpringbootGradleApplicationTests
  .   ____          _            __ _ _
 /\\ / ___'_ __ _ _(_)_ __  __ _ \ \ \ \
( ( )\___ | '_ | '_| | '_ \/ _` | \ \ \ \
 \\/  ___)| |_)| | | | | || (_| |  ) ) ) )
  '  |____| .__|_| |_|_| |_\__, | / / / /
 =========|_|==============|___/=/_/_/_/

 :: Spring Boot ::                (v3.3.0)

2024-05-25T22:25:05.853+09:00  INFO 34372 --- [SpringbootGradle] [    Test worker] c.s.g.SpringbootGradleApplicationTests   : Starting SpringbootGradleApplicationTests using Java 17.0.10 with PID 34372 (started by nknoh in D:\GitHub\ITrend\SpringbootGradle)
2024-05-25T22:25:05.854+09:00  INFO 34372 --- [SpringbootGradle] [    Test worker] c.s.g.SpringbootGradleApplicationTests   : No active profile set, falling back to 1 default profile: "default"
2024-05-25T22:25:06.260+09:00  INFO 34372 --- [SpringbootGradle] [    Test worker] .s.d.r.c.RepositoryConfigurationDelegate : Bootstrapping Spring Data JPA repositories in DEFAULT mode.
2024-05-25T22:25:06.275+09:00  INFO 34372 --- [SpringbootGradle] [    Test worker] .s.d.r.c.RepositoryConfigurationDelegate : Finished Spring Data repository scanning in 9 ms. Found 0 JPA repository interfaces.
2024-05-25T22:25:06.575+09:00  INFO 34372 --- [SpringbootGradle] [    Test worker] o.hibernate.jpa.internal.util.LogHelper  : HHH000204: Processing PersistenceUnitInfo [name: default]
2024-05-25T22:25:06.624+09:00  INFO 34372 --- [SpringbootGradle] [    Test worker] org.hibernate.Version                    : HHH000412: Hibernate ORM core version 6.5.2.Final
2024-05-25T22:25:06.655+09:00  INFO 34372 --- [SpringbootGradle] [    Test worker] o.h.c.internal.RegionFactoryInitiator    : HHH000026: Second-level cache disabled
2024-05-25T22:25:06.875+09:00  INFO 34372 --- [SpringbootGradle] [    Test worker] o.s.o.j.p.SpringPersistenceUnitInfo      : No LoadTimeWeaver setup: ignoring JPA class transformer
2024-05-25T22:25:06.901+09:00  INFO 34372 --- [SpringbootGradle] [    Test worker] com.zaxxer.hikari.HikariDataSource       : HikariPool-1 - Starting...
2024-05-25T22:25:07.338+09:00  INFO 34372 --- [SpringbootGradle] [    Test worker] com.zaxxer.hikari.pool.HikariPool        : HikariPool-1 - Added connection com.mysql.cj.jdbc.ConnectionImpl@1c011855
2024-05-25T22:25:07.340+09:00  INFO 34372 --- [SpringbootGradle] [    Test worker] com.zaxxer.hikari.HikariDataSource       : HikariPool-1 - Start completed.
2024-05-25T22:25:07.657+09:00  INFO 34372 --- [SpringbootGradle] [    Test worker] o.h.e.t.j.p.i.JtaPlatformInitiator       : HHH000489: No JTA platform available (set 'hibernate.transaction.jta.platform' to enable JTA platform integration)
2024-05-25T22:25:07.661+09:00  INFO 34372 --- [SpringbootGradle] [    Test worker] j.LocalContainerEntityManagerFactoryBean : Initialized JPA EntityManagerFactory for persistence unit 'default'
2024-05-25T22:25:07.772+09:00  WARN 34372 --- [SpringbootGradle] [    Test worker] JpaBaseConfiguration$JpaWebConfiguration : spring.jpa.open-in-view is enabled by default. Therefore, database queries may be performed during view rendering. Explicitly configure spring.jpa.open-in-view to disable this warning
2024-05-25T22:25:08.079+09:00  INFO 34372 --- [SpringbootGradle] [    Test worker] c.s.g.SpringbootGradleApplicationTests   : Started SpringbootGradleApplicationTests in 2.397 seconds (process running for 3.348)
]]></system-out>
  <system-err><![CDATA[]]></system-err>
</testsuite>
